<?xml version="1.0" encoding="UTF-8"?>
<!-- Generated by org.testng.reporters.JUnitReportReporter -->
<testsuite hostname="LAPTOP-1PM35MUA" failures="0" tests="1" name="findmypikachu.TestNGFirst" time="0.019" errors="0" timestamp="2020-01-20T22:23:18 IST" skipped="0">
  <testcase classname="findmypikachu.TestNGFirst" name="f" time="0.019"/>
</testsuite> <!-- findmypikachu.TestNGFirst -->
